[    0.000000] Initializing cgroup subsys cpuset
[    0.000000] Initializing cgroup subsys cpu
[    0.000000] Initializing cgroup subsys cpuacct
[    0.000000] Linux version 4.4.0-210-generic (buildd@lgw01-amd64-009) (gcc version 5.4.0 20160609 (Ubuntu 5.4.0-6ubuntu1~16.04.12) ) #242-Ubuntu SMP Fri Apr 16 09:57:56 UTC 2021 (Ubuntu 4.4.0-210.242-generic 4.4.262)
[    0.000000] Command line: BOOT_IMAGE=/boot/vmlinuz-4.4.0-210-generic root=LABEL=cloudimg-rootfs ro console=tty1 console=ttyS0
[    0.000000] KERNEL supported cpus:
[    0.000000]   Intel GenuineIntel
[    0.000000]   AMD AuthenticAMD
[    0.000000]   Centaur CentaurHauls
[    0.000000] x86/fpu: xstate_offset[2]:  576, xstate_sizes[2]:  256
[    0.000000] x86/fpu: Supporting XSAVE feature 0x01: 'x87 floating point registers'
[    0.000000] x86/fpu: Supporting XSAVE feature 0x02: 'SSE registers'
[    0.000000] x86/fpu: Supporting XSAVE feature 0x04: 'AVX registers'
[    0.000000] x86/fpu: Enabled xstate features 0x7, context size is 832 bytes, using 'standard' format.
[    0.000000] e820: BIOS-provided physical RAM map:
[    0.000000] BIOS-e820: [mem 0x0000000000000000-0x000000000009fbff] usable
[    0.000000] BIOS-e820: [mem 0x000000000009fc00-0x000000000009ffff] reserved
[    0.000000] BIOS-e820: [mem 0x00000000000f0000-0x00000000000fffff] reserved
[    0.000000] BIOS-e820: [mem 0x0000000000100000-0x00000000dffeffff] usable
[    0.000000] BIOS-e820: [mem 0x00000000dfff0000-0x00000000dfffffff] ACPI data
[    0.000000] BIOS-e820: [mem 0x00000000fec00000-0x00000000fec00fff] reserved
[    0.000000] BIOS-e820: [mem 0x00000000fee00000-0x00000000fee00fff] reserved
[    0.000000] BIOS-e820: [mem 0x00000000fffc0000-0x00000000ffffffff] reserved
[    0.000000] BIOS-e820: [mem 0x0000000100000000-0x000000011fffffff] usable
[    0.000000] NX (Execute Disable) protection: active
[    0.000000] SMBIOS 2.5 present.
[    0.000000] Hypervisor detected: KVM
[    0.000000] e820: last_pfn = 0x120000 max_arch_pfn = 0x400000000
[    0.000000] MTRR: Disabled
[    0.000000] x86/PAT: MTRRs disabled, skipping PAT initialization too.
[    0.000000] CPU MTRRs all blank - virtualized system.
[    0.000000] x86/PAT: Configuration [0-7]: WB  WT  UC- UC  WB  WT  UC- UC  
[    0.000000] e820: last_pfn = 0xdfff0 max_arch_pfn = 0x400000000
[    0.000000] found SMP MP-table at [mem 0x0009fff0-0x0009ffff] mapped at [ffff88000009fff0]
[    0.000000] Scanning 1 areas for low memory corruption
[    0.000000] RAMDISK: [mem 0x362de000-0x37166fff]
[    0.000000] ACPI: Early table checksum verification disabled
[    0.000000] ACPI: RSDP 0x00000000000E0000 000024 (v02 VBOX  )
[    0.000000] ACPI: XSDT 0x00000000DFFF0030 00003C (v01 VBOX   VBOXXSDT 00000001 ASL  00000061)
[    0.000000] ACPI: FACP 0x00000000DFFF00F0 0000F4 (v04 VBOX   VBOXFACP 00000001 ASL  00000061)
[    0.000000] ACPI: DSDT 0x00000000DFFF0480 002325 (v02 VBOX   VBOXBIOS 00000002 INTL 20120111)
[    0.000000] ACPI: FACS 0x00000000DFFF0200 000040
[    0.000000] ACPI: FACS 0x00000000DFFF0200 000040
[    0.000000] ACPI: APIC 0x00000000DFFF0240 00006C (v02 VBOX   VBOXAPIC 00000001 ASL  00000061)
[    0.000000] ACPI: SSDT 0x00000000DFFF02B0 0001CC (v01 VBOX   VBOXCPUT 00000002 INTL 20120111)
[    0.000000] No NUMA configuration found
[    0.000000] Faking a node at [mem 0x0000000000000000-0x000000011fffffff]
[    0.000000] NODE_DATA(0) allocated [mem 0x11fff7000-0x11fffbfff]
[    0.000000] kvm-clock: Using msrs 4b564d01 and 4b564d00
[    0.000000] kvm-clock: cpu 0, msr 1:1ffef001, primary cpu clock
[    0.000000] kvm-clock: using sched offset of 3699082875 cycles
[    0.000000] clocksource: kvm-clock: mask: 0xffffffffffffffff max_cycles: 0x1cd42e4dffb, max_idle_ns: 881590591483 ns
[    0.000000] Zone ranges:
[    0.000000]   DMA      [mem 0x0000000000001000-0x0000000000ffffff]
[    0.000000]   DMA32    [mem 0x0000000001000000-0x00000000ffffffff]
[    0.000000]   Normal   [mem 0x0000000100000000-0x000000011fffffff]
[    0.000000]   Device   empty
[    0.000000] Movable zone start for each node
[    0.000000] Early memory node ranges
[    0.000000]   node   0: [mem 0x0000000000001000-0x000000000009efff]
[    0.000000]   node   0: [mem 0x0000000000100000-0x00000000dffeffff]
[    0.000000]   node   0: [mem 0x0000000100000000-0x000000011fffffff]
[    0.000000] Initmem setup node 0 [mem 0x0000000000001000-0x000000011fffffff]
[    0.000000] ACPI: PM-Timer IO Port: 0x4008
[    0.000000] IOAPIC[0]: apic_id 4, version 32, address 0xfec00000, GSI 0-23
[    0.000000] ACPI: INT_SRC_OVR (bus 0 bus_irq 0 global_irq 2 dfl dfl)
[    0.000000] ACPI: INT_SRC_OVR (bus 0 bus_irq 9 global_irq 9 low level)
[    0.000000] Using ACPI (MADT) for SMP configuration information
[    0.000000] smpboot: Allowing 4 CPUs, 0 hotplug CPUs
[    0.000000] PM: Registered nosave memory: [mem 0x00000000-0x00000fff]
[    0.000000] PM: Registered nosave memory: [mem 0x0009f000-0x0009ffff]
[    0.000000] PM: Registered nosave memory: [mem 0x000a0000-0x000effff]
[    0.000000] PM: Registered nosave memory: [mem 0x000f0000-0x000fffff]
[    0.000000] PM: Registered nosave memory: [mem 0xdfff0000-0xdfffffff]
[    0.000000] PM: Registered nosave memory: [mem 0xe0000000-0xfebfffff]
[    0.000000] PM: Registered nosave memory: [mem 0xfec00000-0xfec00fff]
[    0.000000] PM: Registered nosave memory: [mem 0xfec01000-0xfedfffff]
[    0.000000] PM: Registered nosave memory: [mem 0xfee00000-0xfee00fff]
[    0.000000] PM: Registered nosave memory: [mem 0xfee01000-0xfffbffff]
[    0.000000] PM: Registered nosave memory: [mem 0xfffc0000-0xffffffff]
[    0.000000] e820: [mem 0xe0000000-0xfebfffff] available for PCI devices
[    0.000000] Booting paravirtualized kernel on KVM
[    0.000000] clocksource: refined-jiffies: mask: 0xffffffff max_cycles: 0xffffffff, max_idle_ns: 7645519600211568 ns
[    0.000000] setup_percpu: NR_CPUS:512 nr_cpumask_bits:512 nr_cpu_ids:4 nr_node_ids:1
[    0.000000] PERCPU: Embedded 33 pages/cpu @ffff88011fc00000 s95192 r8192 d31784 u524288
[    0.000000] Built 1 zonelists in Node order, mobility grouping on.  Total pages: 1032056
[    0.000000] Policy zone: Normal
[    0.000000] Kernel command line: BOOT_IMAGE=/boot/vmlinuz-4.4.0-210-generic root=LABEL=cloudimg-rootfs ro console=tty1 console=ttyS0
[    0.000000] PID hash table entries: 4096 (order: 3, 32768 bytes)
[    0.000000] Memory: 4028044K/4193848K available (8644K kernel code, 1332K rwdata, 4044K rodata, 1492K init, 1164K bss, 165804K reserved, 0K cma-reserved)
[    0.000000] SLUB: HWalign=64, Order=0-3, MinObjects=0, CPUs=4, Nodes=1
[    0.000000] Kernel/User page tables isolation: enabled
[    0.000000] Hierarchical RCU implementation.
[    0.000000] 	Build-time adjustment of leaf fanout to 64.
[    0.000000] 	RCU restricting CPUs from NR_CPUS=512 to nr_cpu_ids=4.
[    0.000000] RCU: Adjusting geometry for rcu_fanout_leaf=64, nr_cpu_ids=4
[    0.000000] NR_IRQS:33024 nr_irqs:456 16
[    0.000000] Console: colour VGA+ 80x25
[    0.000000] console [tty1] enabled
[    0.000000] console [ttyS0] enabled
[    0.000000] tsc: Detected 2207.998 MHz processor
[    0.272978] Calibrating delay loop (skipped) preset value.. 4415.99 BogoMIPS (lpj=8831992)
[    0.274664] pid_max: default: 32768 minimum: 301
[    0.276149] ACPI: Core revision 20150930
[    0.277675] ACPI: 2 ACPI AML tables successfully acquired and loaded
[    0.278980] Security Framework initialized
[    0.279816] Yama: becoming mindful.
[    0.280588] AppArmor: AppArmor initialized
[    0.283868] Dentry cache hash table entries: 524288 (order: 10, 4194304 bytes)
[    0.289013] Inode-cache hash table entries: 262144 (order: 9, 2097152 bytes)
[    0.291103] Mount-cache hash table entries: 8192 (order: 4, 65536 bytes)
[    0.292483] Mountpoint-cache hash table entries: 8192 (order: 4, 65536 bytes)
[    0.295528] Initializing cgroup subsys io
[    0.296867] Initializing cgroup subsys memory
[    0.298123] Initializing cgroup subsys devices
[    0.299048] Initializing cgroup subsys freezer
[    0.299944] Initializing cgroup subsys net_cls
[    0.300865] Initializing cgroup subsys perf_event
[    0.301801] Initializing cgroup subsys net_prio
[    0.303443] Initializing cgroup subsys hugetlb
[    0.304408] Initializing cgroup subsys pids
[    0.316516] mce: CPU supports 0 MCE banks
[    0.317679] Last level iTLB entries: 4KB 64, 2MB 8, 4MB 8
[    0.319032] Last level dTLB entries: 4KB 64, 2MB 0, 4MB 0, 1GB 4
[    0.320179] Spectre V1 : Mitigation: usercopy/swapgs barriers and __user pointer sanitization
[    0.322236] Spectre V2 : Mitigation: Full generic retpoline
[    0.323304] Spectre V2 : Spectre v2 / SpectreRSB mitigation: Filling RSB on context switch
[    0.324976] Speculative Store Bypass: Vulnerable
[    0.325894] SRBDS: Unknown: Dependent on hypervisor status
[    0.327017] MDS: Mitigation: Clear CPU buffers
[    0.330030] Freeing SMP alternatives memory: 36K
[    0.335904] ftrace: allocating 32380 entries in 127 pages
[    0.383377] smpboot: APIC(0) Converting physical 0 to logical package 0
[    0.385024] smpboot: Max logical packages: 1
[    0.386066] x2apic enabled
[    0.386880] Switched APIC routing to physical x2apic.
[    0.389098] ..TIMER: vector=0x30 apic1=0 pin1=2 apic2=-1 pin2=-1
[    0.498549] smpboot: CPU0: Intel(R) Core(TM) i7-8750H CPU @ 2.20GHz (family: 0x6, model: 0x9e, stepping: 0xa)
[    0.501064] Performance Events: unsupported p6 CPU model 158 no PMU driver, software events only.
[    0.511518] KVM setup paravirtual spinlock
[    0.513474] x86: Booting SMP configuration:
[    0.514337] .... node  #0, CPUs:      #1
[    0.515302] kvm-clock: cpu 1, msr 1:1ffef041, secondary cpu clock
[    0.527982] mce: CPU supports 0 MCE banks
[    0.531171]  #2
[    0.531790] kvm-clock: cpu 2, msr 1:1ffef081, secondary cpu clock
[    0.544015] mce: CPU supports 0 MCE banks
[    0.547210]  #3
[    0.547709] kvm-clock: cpu 3, msr 1:1ffef0c1, secondary cpu clock
[    0.560785] mce: CPU supports 0 MCE banks
[    0.563996] x86: Booted up 1 node, 4 CPUs
[    0.565477] smpboot: Total of 4 processors activated (17663.98 BogoMIPS)
[    0.567636] devtmpfs: initialized
[    0.572794] evm: security.selinux
[    0.573920] evm: security.SMACK64
[    0.574618] evm: security.SMACK64EXEC
[    0.575812] evm: security.SMACK64TRANSMUTE
[    0.576753] evm: security.SMACK64MMAP
[    0.577504] evm: security.ima
[    0.578145] evm: security.capability
[    0.578989] clocksource: jiffies: mask: 0xffffffff max_cycles: 0xffffffff, max_idle_ns: 7645041785100000 ns
[    0.581057] futex hash table entries: 1024 (order: 4, 65536 bytes)
[    0.582350] pinctrl core: initialized pinctrl subsystem
[    0.583511] RTC time: 17:24:18, date: 07/10/21
[    0.584903] NET: Registered protocol family 16
[    0.596241] cpuidle: using governor ladder
[    0.608459] cpuidle: using governor menu
[    0.610098] PCCT header not found.
[    0.612116] ACPI: bus type PCI registered
[    0.613681] acpiphp: ACPI Hot Plug PCI Controller Driver version: 0.5
[    0.616090] PCI: Using configuration type 1 for base access
[    0.632467] ACPI: Added _OSI(Module Device)
[    0.633796] ACPI: Added _OSI(Processor Device)
[    0.634981] ACPI: Added _OSI(3.0 _SCP Extensions)
[    0.636449] ACPI: Added _OSI(Processor Aggregator Device)
[    0.638679] ACPI: Executed 1 blocks of module-level executable AML code
[    0.642842] ACPI: Interpreter enabled
[    0.644218] ACPI: (supports S0 S5)
[    0.645477] ACPI: Using IOAPIC for interrupt routing
[    0.646893] PCI: Using host bridge windows from ACPI; if necessary, use "pci=nocrs" and report a bug
[    0.654253] ACPI: PCI Root Bridge [PCI0] (domain 0000 [bus 00-ff])
[    0.656028] acpi PNP0A03:00: _OSC: OS supports [ASPM ClockPM Segments MSI]
[    0.657923] acpi PNP0A03:00: _OSC: not requesting OS control; OS requires [ExtendedConfig ASPM ClockPM MSI]
[    0.660368] acpi PNP0A03:00: fail to add MMCONFIG information, can't access extended PCI configuration space under this bridge.
[    0.671368] PCI host bridge to bus 0000:00
[    0.672708] pci_bus 0000:00: root bus resource [io  0x0000-0x0cf7 window]
[    0.674631] pci_bus 0000:00: root bus resource [io  0x0d00-0xffff window]
[    0.676518] pci_bus 0000:00: root bus resource [mem 0x000a0000-0x000bffff window]
[    0.678090] pci_bus 0000:00: root bus resource [mem 0xe0000000-0xfdffffff window]
[    0.679616] pci_bus 0000:00: root bus resource [bus 00-ff]
[    0.683465] pci 0000:00:01.1: legacy IDE quirk: reg 0x10: [io  0x01f0-0x01f7]
[    0.685633] pci 0000:00:01.1: legacy IDE quirk: reg 0x14: [io  0x03f6]
[    0.686870] pci 0000:00:01.1: legacy IDE quirk: reg 0x18: [io  0x0170-0x0177]
[    0.688655] pci 0000:00:01.1: legacy IDE quirk: reg 0x1c: [io  0x0376]
[    0.724572] pci 0000:00:07.0: quirk: [io  0x4000-0x403f] claimed by PIIX4 ACPI
[    0.726117] pci 0000:00:07.0: quirk: [io  0x4100-0x410f] claimed by PIIX4 SMB
[    0.747735] ACPI: PCI Interrupt Link [LNKA] (IRQs 5 9 10 *11)
[    0.749499] ACPI: PCI Interrupt Link [LNKB] (IRQs 5 9 *10 11)
[    0.750981] ACPI: PCI Interrupt Link [LNKC] (IRQs 5 *9 10 11)
[    0.752649] ACPI: PCI Interrupt Link [LNKD] (IRQs 5 9 10 *11)
[    0.754171] ACPI: Enabled 2 GPEs in block 00 to 07
[    0.755448] vgaarb: setting as boot device: PCI:0000:00:02.0
[    0.756834] vgaarb: device added: PCI:0000:00:02.0,decodes=io+mem,owns=io+mem,locks=none
[    0.758523] vgaarb: loaded
[    0.759152] vgaarb: bridge control possible 0000:00:02.0
[    0.760476] SCSI subsystem initialized
[    0.761555] ACPI: bus type USB registered
[    0.762904] usbcore: registered new interface driver usbfs
[    0.764092] usbcore: registered new interface driver hub
[    0.765474] usbcore: registered new device driver usb
[    0.766725] PCI: Using ACPI for IRQ routing
[    0.768022] NetLabel: Initializing
[    0.768958] NetLabel:  domain hash size = 128
[    0.769913] NetLabel:  protocols = UNLABELED CIPSOv4
[    0.770916] NetLabel:  unlabeled traffic allowed by default
[    0.772214] amd_nb: Cannot enumerate AMD northbridges
[    0.775909] clocksource: Switched to clocksource kvm-clock
[    0.785088] AppArmor: AppArmor Filesystem Enabled
[    0.786800] pnp: PnP ACPI init
[    0.788895] pnp: PnP ACPI: found 3 devices
[    0.798112] clocksource: acpi_pm: mask: 0xffffff max_cycles: 0xffffff, max_idle_ns: 2085701024 ns
[    0.800608] NET: Registered protocol family 2
[    0.801792] TCP established hash table entries: 32768 (order: 6, 262144 bytes)
[    0.803459] TCP bind hash table entries: 32768 (order: 7, 524288 bytes)
[    0.806740] TCP: Hash tables configured (established 32768 bind 32768)
[    0.808153] UDP hash table entries: 2048 (order: 4, 65536 bytes)
[    0.809411] UDP-Lite hash table entries: 2048 (order: 4, 65536 bytes)
[    0.811315] NET: Registered protocol family 1
[    0.812591] pci 0000:00:00.0: Limiting direct PCI/PCI transfers
[    0.813883] pci 0000:00:01.0: Activating ISA DMA hang workarounds
[    0.815381] Unpacking initramfs...
[    1.017882] Freeing initrd memory: 14884K
[    1.019333] PCI-DMA: Using software bounce buffering for IO (SWIOTLB)
[    1.020691] software IO TLB: mapped [mem 0xdbff0000-0xdfff0000] (64MB)
[    1.022004] clocksource: tsc: mask: 0xffffffffffffffff max_cycles: 0x1fd3b6211b4, max_idle_ns: 440795230313 ns
[    1.024041] platform rtc_cmos: registered platform RTC device (no PNP device found)
[    1.025875] Scanning for low memory corruption every 60 seconds
[    1.027357] audit: initializing netlink subsys (disabled)
[    1.028457] audit: type=2000 audit(1625937863.807:1): initialized
[    1.029876] Initialise system trusted keyring
[    1.031412] HugeTLB registered 2 MB page size, pre-allocated 0 pages
[    1.033712] zbud: loaded
[    1.034638] VFS: Disk quotas dquot_6.6.0
[    1.035718] VFS: Dquot-cache hash table entries: 512 (order 0, 4096 bytes)
[    1.037217] squashfs: version 4.0 (2009/01/31) Phillip Lougher
[    1.038652] fuse init (API version 7.23)
[    1.039912] Key type big_key registered
[    1.041127] Allocating IMA MOK and blacklist keyrings.
[    1.047361] Key type asymmetric registered
[    1.048586] Asymmetric key parser 'x509' registered
[    1.050262] Block layer SCSI generic (bsg) driver version 0.4 loaded (major 249)
[    1.052133] io scheduler noop registered
[    1.053334] io scheduler deadline registered (default)
[    1.054574] io scheduler cfq registered
[    1.055567] pci_hotplug: PCI Hot Plug PCI Core version: 0.5
[    1.057227] pciehp: PCI Express Hot Plug Controller Driver version: 0.4
[    1.059176] ACPI: AC Adapter [AC] (on-line)
[    1.060601] input: Power Button as /devices/LNXSYSTM:00/LNXPWRBN:00/input/input0
[    1.062451] ACPI: Power Button [PWRF]
[    1.063293] input: Sleep Button as /devices/LNXSYSTM:00/LNXSLPBN:00/input/input1
[    1.065140] ACPI: Sleep Button [SLPF]
[    1.066503] GHES: HEST is not enabled!
[    1.067543] ACPI: Battery Slot [BAT0] (battery present)
[    1.069381] Serial: 8250/16550 driver, 32 ports, IRQ sharing enabled
[    1.091325] 00:02: ttyS0 at I/O 0x3f8 (irq = 4, base_baud = 115200) is a 16550A
[    1.095046] Linux agpgart interface v0.103
[    1.097793] loop: module loaded
[    1.099005] scsi host0: ata_piix
[    1.100061] scsi host1: ata_piix
[    1.100810] ata1: PATA max UDMA/33 cmd 0x1f0 ctl 0x3f6 bmdma 0xd000 irq 14
[    1.102137] ata2: PATA max UDMA/33 cmd 0x170 ctl 0x376 bmdma 0xd008 irq 15
[    1.103568] libphy: Fixed MDIO Bus: probed
[    1.104725] tun: Universal TUN/TAP device driver, 1.6
[    1.105774] tun: (C) 1999-2004 Max Krasnyansky <maxk@qualcomm.com>
[    1.107056] PPP generic driver version 2.4.2
[    1.108056] ehci_hcd: USB 2.0 'Enhanced' Host Controller (EHCI) Driver
[    1.109386] ehci-pci: EHCI PCI platform driver
[    1.110317] ehci-platform: EHCI generic platform driver
[    1.111372] ohci_hcd: USB 1.1 'Open' Host Controller (OHCI) Driver
[    1.112664] ohci-pci: OHCI PCI platform driver
[    1.113826] ohci-platform: OHCI generic platform driver
[    1.114954] uhci_hcd: USB Universal Host Controller Interface driver
[    1.116258] i8042: PNP: PS/2 Controller [PNP0303:PS2K,PNP0f03:PS2M] at 0x60,0x64 irq 1,12
[    1.118850] serio: i8042 KBD port at 0x60,0x64 irq 1
[    1.120296] serio: i8042 AUX port at 0x60,0x64 irq 12
[    1.121461] mousedev: PS/2 mouse device common for all mice
[    1.123289] input: AT Translated Set 2 keyboard as /devices/platform/i8042/serio0/input/input2
[    1.125215] rtc_cmos rtc_cmos: rtc core: registered rtc_cmos as rtc0
[    1.126682] rtc_cmos rtc_cmos: alarms up to one day, 114 bytes nvram
[    1.128303] i2c /dev entries driver
[    1.129346] device-mapper: uevent: version 1.0.3
[    1.130391] device-mapper: ioctl: 4.34.0-ioctl (2015-10-28) initialised: dm-devel@redhat.com
[    1.132152] ledtrig-cpu: registered to indicate activity on CPUs
[    1.134323] NET: Registered protocol family 10
[    1.135456] NET: Registered protocol family 17
[    1.136486] Key type dns_resolver registered
[    1.137799] registered taskstats version 1
[    1.138690] Loading compiled-in X.509 certificates
[    1.140181] Loaded X.509 cert 'Build time autogenerated kernel key: cf00e047681d67edb2720680708b7d9498083038'
[    1.142626] zswap: loaded using pool lzo/zbud
[    1.144973] Key type trusted registered
[    1.148314] Key type encrypted registered
[    1.149384] AppArmor: AppArmor sha1 policy hashing enabled
[    1.150503] ima: No TPM chip found, activating TPM-bypass!
[    1.151624] ima: Allocated hash algorithm: sha1
[    1.152680] evm: HMAC attrs: 0x1
[    1.153773]   Magic number: 13:933:440
[    1.154861] clockevents broadcast: hash matches
[    1.155893] rtc_cmos rtc_cmos: setting system clock to 2021-07-10 17:24:18 UTC (1625937858)
[    1.157809] BIOS EDD facility v0.16 2004-Jun-25, 0 devices found
[    1.159034] EDD information not available.
[    1.280964] Freeing unused kernel memory: 1492K
[    1.282420] Write protecting the kernel read-only data: 14336k
[    1.284485] Freeing unused kernel memory: 1584K
[    1.285841] Freeing unused kernel memory: 52K
Loading, please wait...
starting version 229
[    1.299423] random: systemd-udevd: uninitialized urandom read (16 bytes read, 3 bits of entropy available)
[    1.300179] random: udevadm: uninitialized urandom read (16 bytes read, 3 bits of entropy available)
[    1.300202] random: udevadm: uninitialized urandom read (16 bytes read, 3 bits of entropy available)
[    1.306230] random: systemd-udevd: uninitialized urandom read (16 bytes read, 3 bits of entropy available)
[    1.306908] random: udevadm: uninitialized urandom read (16 bytes read, 3 bits of entropy available)
[    1.306952] random: udevadm: uninitialized urandom read (16 bytes read, 3 bits of entropy available)
[    1.307155] random: udevadm: uninitialized urandom read (16 bytes read, 3 bits of entropy available)
[    1.307204] random: udevadm: uninitialized urandom read (16 bytes read, 3 bits of entropy available)
[    1.307252] random: udevadm: uninitialized urandom read (16 bytes read, 3 bits of entropy available)
[    1.307298] random: udevadm: uninitialized urandom read (16 bytes read, 3 bits of entropy available)
[    1.349463] e1000: Intel(R) PRO/1000 Network Driver - version 7.3.21-k8-NAPI
[    1.351572] e1000: Copyright (c) 1999-2006 Intel Corporation.
[    1.360973] AVX2 version of gcm_enc/dec engaged.
[    1.362021] Fusion MPT base driver 3.04.20
[    1.362022] Copyright (c) 1999-2008 LSI Corporation
[    1.365887] AES CTR mode by8 optimization enabled
[    1.370984] Fusion MPT SPI Host driver 3.04.20
[    1.558999] input: ImExPS/2 Generic Explorer Mouse as /devices/platform/i8042/serio1/input/input4
[    1.734098] e1000 0000:00:03.0 eth0: (PCI:33MHz:32-bit) 02:ed:98:3c:8e:82
[    1.735985] e1000 0000:00:03.0 eth0: Intel(R) PRO/1000 Network Connection
[    2.394079] e1000 0000:00:08.0 eth1: (PCI:33MHz:32-bit) 08:00:27:95:36:2c
[    2.404554] e1000 0000:00:08.0 eth1: Intel(R) PRO/1000 Network Connection
[    2.407645] e1000 0000:00:08.0 enp0s8: renamed from eth1
[    2.408127] mptbase: ioc0: Initiating bringup
[    2.424610] e1000 0000:00:03.0 enp0s3: renamed from eth0
[    3.054271] ioc0: LSI53C1030 A0: Capabilities={Initiator}
[    4.257678] scsi host2: ioc0: LSI53C1030 A0, FwRev=00000000h, Ports=1, MaxQ=256, IRQ=20
[    5.044705] scsi 2:0:0:0: Direct-Access     VBOX     HARDDISK         1.0  PQ: 0 ANSI: 5
[    5.047514] scsi target2:0:0: Beginning Domain Validation
[    5.050697] scsi target2:0:0: Domain Validation skipping write tests
[    5.052584] scsi target2:0:0: Ending Domain Validation
[    5.053978] scsi target2:0:0: asynchronous
[    5.055406] scsi 2:0:1:0: Direct-Access     VBOX     HARDDISK         1.0  PQ: 0 ANSI: 5
[    5.057741] scsi target2:0:1: Beginning Domain Validation
[    5.060125] scsi target2:0:1: Domain Validation skipping write tests
[    5.061859] scsi target2:0:1: Ending Domain Validation
[    5.063341] scsi target2:0:1: asynchronous
[    5.069668] sd 2:0:0:0: Attached scsi generic sg0 type 0
[    5.071102] sd 2:0:0:0: [sda] 83886080 512-byte logical blocks: (42.9 GB/40.0 GiB)
[    5.073575] sd 2:0:0:0: [sda] Write Protect is off
[    5.073654] sd 2:0:1:0: [sdb] 20480 512-byte logical blocks: (10.5 MB/10.0 MiB)
[    5.073886] sd 2:0:1:0: [sdb] Write Protect is off
[    5.074012] sd 2:0:1:0: [sdb] Incomplete mode parameter data
[    5.074013] sd 2:0:1:0: [sdb] Assuming drive cache: write through
[    5.076866] sd 2:0:1:0: Attached scsi generic sg1 type 0
[    5.077945] sd 2:0:1:0: [sdb] Attached SCSI disk
[    5.083409] sd 2:0:0:0: [sda] Incomplete mode parameter data
[    5.084785] sd 2:0:0:0: [sda] Assuming drive cache: write through
[    5.087860]  sda: sda1
[    5.089300] sd 2:0:0:0: [sda] Attached SCSI disk
Begin: Loading essential drivers ... [    6.353153] md: linear personality registered for level -1
[    6.357125] md: multipath personality registered for level -4
[    6.360426] md: raid0 personality registered for level 0
[    6.366353] md: raid1 personality registered for level 1
[    6.436233] raid6: sse2x1   gen() 13454 MB/s
[    6.504060] raid6: sse2x1   xor()  9975 MB/s
[    6.572054] raid6: sse2x2   gen() 16657 MB/s
[    6.640062] raid6: sse2x2   xor() 11574 MB/s
[    6.708231] raid6: sse2x4   gen() 19151 MB/s
[    6.776059] raid6: sse2x4   xor() 12514 MB/s
[    6.844084] raid6: avx2x1   gen() 24174 MB/s
[    6.912077] raid6: avx2x2   gen() 30412 MB/s
[    6.980484] raid6: avx2x4   gen() 34432 MB/s
[    6.981792] raid6: using algorithm avx2x4 gen() 34432 MB/s
[    6.983547] raid6: using avx2x2 recovery algorithm
[    6.985601] xor: automatically using best checksumming function:
[    7.024036]    avx       : 28868.000 MB/sec
[    7.026228] async_tx: api initialized (async)
[    7.035305] md: raid6 personality registered for level 6
[    7.036456] md: raid5 personality registered for level 5
[    7.037965] md: raid4 personality registered for level 4
[    7.044650] md: raid10 personality registered for level 10
done.
Begin: Running /scripts/init-premount ... done.
Begin: Mounting root file system ... Begin: Running /scripts/local-top ... done.
Begin: Running /scripts/local-premount ... [    7.066628] Btrfs loaded
Scanning for Btrfs filesystems
done.
Warning: fsck not present, so skipping root file system
[    7.091686] EXT4-fs (sda1): mounted filesystem with ordered data mode. Opts: (null)
done.
Begin: Running /scripts/local-bottom ... done.
Begin: Running /scripts/init-bottom ... done.
[    7.181554] systemd[1]: systemd 229 running in system mode. (+PAM +AUDIT +SELINUX +IMA +APPARMOR +SMACK +SYSVINIT +UTMP +LIBCRYPTSETUP +GCRYPT +GNUTLS +ACL +XZ -LZ4 +SECCOMP +BLKID +ELFUTILS +KMOD -IDN)
[    7.185156] systemd[1]: Detected virtualization oracle.
[    7.186210] systemd[1]: Detected architecture x86-64.

Welcome to [1mUbuntu 16.04.7 LTS[0m!

[    7.189834] systemd[1]: Set hostname to <globis>.
[    7.367805] systemd[1]: Listening on udev Kernel Socket.
[[0;32m  OK  [0m] Listening on udev Kernel Socket.
[    7.370072] systemd[1]: Started Forward Password Requests to Wall Directory Watch.
[[0;32m  OK  [0m] Started Forward Password Requests to Wall Directory Watch.
[    7.372736] systemd[1]: Reached target Swap.
[[0;32m  OK  [0m] Reached target Swap.
[    7.374594] systemd[1]: Reached target System Time Synchronized.
[[0;32m  OK  [0m] Reached target System Time Synchronized.
[    7.376996] systemd[1]: Listening on LVM2 metadata daemon socket.
[[0;32m  OK  [0m] Listening on LVM2 metadata daemon socket.
[    7.379436] systemd[1]: Set up automount Arbitrary Executable File Formats File System Automount Point.
[[0;32m  OK  [0m] Set up automount Arbitrary Executab...ats File System Automount Point.
[    7.383333] systemd[1]: Listening on Journal Socket (/dev/log).
[[0;32m  OK  [0m] Listening on Journal Socket (/dev/log).
[    7.385695] systemd[1]: Listening on Device-mapper event daemon FIFOs.
[[0;32m  OK  [0m] Listening on Device-mapper event daemon FIFOs.
[    8.082858] systemd[1]: Listening on udev Control Socket.
[[0;32m  OK  [0m] Listening on udev Control Socket.
[    8.085353] systemd[1]: Listening on Journal Socket.
[[0;32m  OK  [0m] Listening on Journal Socket.
[    8.087614] systemd[1]: Listening on LVM2 poll daemon socket.
[[0;32m  OK  [0m] Listening on LVM2 poll daemon socket.
[    8.090131] systemd[1]: Listening on Syslog Socket.
[[0;32m  OK  [0m] Listening on Syslog Socket.
[    8.092463] systemd[1]: Listening on Journal Audit Socket.
[[0;32m  OK  [0m] Listening on Journal Audit Socket.
[    8.094719] systemd[1]: Reached target Encrypted Volumes.
[[0;32m  OK  [0m] Reached target Encrypted Volumes.
[    8.096849] systemd[1]: Listening on /dev/initctl Compatibility Named Pipe.
[[0;32m  OK  [0m] Listening on /dev/initctl Compatibility Named Pipe.
[    8.099615] systemd[1]: Created slice System Slice.
[[0;32m  OK  [0m] Created slice System Slice.
[    8.571476] systemd[1]: Starting Uncomplicated firewall...
         Starting Uncomplicated firewall...
[    8.580821] systemd[1]: Created slice system-serial\x2dgetty.slice.
[[0;32m  OK  [0m] Created slice system-serial\x2dgetty.slice.
[    8.598002] systemd[1]: Starting Create list of required static device nodes for the current kernel...
         Starting Create list of required st... nodes for the current kernel...
[    8.628555] systemd[1]: Starting Set console keymap...
         Starting Set console keymap...
[    8.632877] systemd[1]: Starting Nameserver information manager...
         Starting Nameserver information manager...
[    8.637366] systemd[1]: Starting Monitoring of LVM2 mirrors, snapshots etc. using dmeventd or progress polling...
         Starting Monitoring of LVM2 mirrors... dmeventd or progress polling...
[    8.642214] systemd[1]: Mounting Huge Pages File System...
         Mounting Huge Pages File System...
[    8.651904] systemd[1]: Starting Load Kernel Modules...
         Starting Load Kernel Modules...
[    8.656131] systemd[1]: Starting Journal Service...
         Starting Journal Service...
[    8.664304] systemd[1]: Mounting Debug File System...
         Mounting Debug File System...
[    8.666785] systemd[1]: Reached target User and Group Name Lookups.
[    8.668447] Loading iSCSI transport class v2.0-870.
[[0;32m  OK  [0m] Reached target User and Group Name Lookups.
[    8.670241] systemd[1]: Listening on fsck to fsckd communication Socket.
[[0;32m  OK  [0m] Listening on fsck to fsckd communication Socket.
[    8.673726] systemd[1]: Starting File System Check on Root Device...
         Starting File System Check on Root Device...
[    8.676549] systemd[1]: Started Trigger resolvconf update for networkd DNS.
[[0;32m  OK  [0m] Started Trigger resolvconf update for networkd DNS.
[    8.683488] iscsi: registered transport (tcp)
[    8.685859] systemd[1]: Mounting POSIX Message Queue File System...
         Mounting POSIX Message Queue File System...
[    8.700730] systemd[1]: Created slice User and Session Slice.
[[0;32m  OK  [0m] Created slice User and Session Slice.
[    8.703604] systemd[1]: Reached target Slices.
[[0;32m  OK  [0m] Reached target Slices.
[    8.707007] systemd[1]: Mounted POSIX Message Queue File System.
[[0;32m  OK  [0m] Mounted POSIX Message Queue File System.
[    8.709993] systemd[1]: Mounted Debug File System.
[[0;32m  OK  [0m] Mounted Debug File System.
[    8.712379] systemd[1]: Mounted Huge Pages File System.
[[0;32m  OK  [0m] Mounted Huge Pages File System.
[    8.720224] systemd[1]: Started Journal Service.
[    8.721781] iscsi: registered transport (iser)
[[0;32m  OK  [0m] Started Journal Service.
[[0;32m  OK  [0m] Started Uncomplicated firewall.
[[0;32m  OK  [0m] Started Create list of required sta...ce nodes for the current kernel.
[[0;32m  OK  [0m] Started Set console keymap.
[[0;32m  OK  [0m] Started Load Kernel Modules.
[[0;32m  OK  [0m] Started File System Check on Root Device.
[[0;32m  OK  [0m] Started Nameserver information manager.
[[0;32m  OK  [0m] Started File System Check Daemon to report status.
[[0;32m  OK  [0m] Started LVM2 metadata daemon.
         Starting Remount Root and Kernel File Systems...
         Starting Apply Kernel Variables...
[    8.802510] EXT4-fs (sda1): re-mounted. Opts: (null)
         Mounting FUSE Control File System...
         Starting Create Static Device Nodes in /dev...
[[0;32m  OK  [0m] Mounted FUSE Control File System.
[[0;32m  OK  [0m] Started Remount Root and Kernel File Systems.
[[0;32m  OK  [0m] Started Apply Kernel Variables.
         Starting Flush Journal to Persistent Storage...
         Starting udev Coldplug all Devices...
         Starting Load/Save Random Seed...
[[0;32m  OK  [0m] Started Create Static Device Nodes in /dev.
         Starting udev Kernel Device Manager...
[[0;32m  OK  [0m] Started Load/Save Random Seed.
[[0;32m  OK  [0m] Started Flush Journal to Persistent Storage.
[[0;32m  OK  [0m] Started udev Kernel Device Manager.
[[0;32m  OK  [0m] Started Monitoring of LVM2 mirrors,...ng dmeventd or progress polling.
[[0;32m  OK  [0m] Started udev Coldplug all Devices.
[[0;32m  OK  [0m] Started Dispatch Password Requests to Console Directory Watch.
[[0;32m  OK  [0m] Reached target Local File Systems (Pre).
[[0;32m  OK  [0m] Reached target Local File Systems.
         Starting Set console font and keymap...
         Starting LSB: AppArmor initialization...
         Starting Create Volatile Files and Directories...
         Starting Initial cloud-init job (pre-networking)...
         Starting Tell Plymouth To Write Out Runtime Data...
[[0;32m  OK  [0m] Started Create Volatile Files and Directories.
[[0;32m  OK  [0m] Found device /dev/ttyS0.
         Starting Update UTMP about System Boot/Shutdown...
[[0;32m  OK  [0m] Started Tell Plymouth To Write Out Runtime Data.
[[0;32m  OK  [0m] Started Update UTMP about System Boot/Shutdown.
[[0;32m  OK  [0m] Listening on Load/Save RF Kill Switch Status /dev/rfkill Watch.
[[0;32m  OK  [0m] Found device 82540EM Gigabit Ethern...r (PRO/1000 MT Desktop Adapter).
[[0;32m  OK  [0m] Started LSB: AppArmor initialization.
[[0;32m  OK  [0m] Found device 82540EM Gigabit Ethern...r (PRO/1000 MT Desktop Adapter).
         Starting Load AppArmor profiles managed internally by snapd...
[[0;32m  OK  [0m] Started Load AppArmor profiles managed internally by snapd.
[[0;32m  OK  [0m] Started Set console font and keymap.
[    9.459094] cloud-init[526]: Cloud-init v. 21.1-19-gbad84ad4-0ubuntu1~16.04.2 running 'init-local' at Sat, 10 Jul 2021 17:24:26 +0000. Up 9.24 seconds.
[[0;32m  OK  [0m] Created slice system-getty.slice.
[[0;32m  OK  [0m] Started Initial cloud-init job (pre-networking).
[[0;32m  OK  [0m] Reached target Network (Pre).
[[0;32m  OK  [0m] Started ifup for enp0s3.
         Starting Raise network interfaces...
[[0;32m  OK  [0m] Started ifup for enp0s8.
[[0;32m  OK  [0m] Started Raise network interfaces.
         Starting Initial cloud-init job (metadata service crawler)...
[[0;32m  OK  [0m] Reached target Network.
[   10.020917] cloud-init[1104]: Cloud-init v. 21.1-19-gbad84ad4-0ubuntu1~16.04.2 running 'init' at Sat, 10 Jul 2021 17:24:27 +0000. Up 9.84 seconds.
[   10.032544] cloud-init[1104]: ci-info: ++++++++++++++++++++++++++++++++++++++Net device info+++++++++++++++++++++++++++++++++++++++
[   10.040516] cloud-init[1104]: ci-info: +--------+------+-----------------------------+---------------+--------+-------------------+
[   10.048665] cloud-init[1104]: ci-info: | Device |  Up  |           Address           |      Mask     | Scope  |     Hw-Address    |
[   10.050148] cloud-init[1104]: ci-info: +--------+------+-----------------------------+---------------+--------+-------------------+
[   10.060967] [[0;32m  OK  [0m] Started Initial cloud-init job (metadata service crawler).
cloud-init[1104]: ci-info: | enp0s3 | True |          10.0.2.15          | 255.255.255.0 | global | 02:ed:98:3c:8e:82 |
[   10.069055] [cloud-init[0;32m  OK  [0m[1104]: ] ci-info: | enp0s3 | True |  fe80::ed:98ff:fe3c:8e82/64 |       .       |  link  | 02:ed:98:3c:8e:82 |Reached target Network is Online.

[   10.070034] cloud-init[1104]: ci-info: | enp0s8 | True |        192.168.50.20        | 255.255.255.0 | global | 08:00:27:95:36:2c |
[   10.085261] cloud-init[1104]: ci-info: | enp0s8 | True | fe80::a00:27ff:fe95:362c/64 |       .       |  link  | 08:00:27:95:36:2c |
[   10.092376]          Starting iSCSI initiator daemon (iscsid)...
cloud-init[[1104]: [0;32m  OK  [0mci-info: |   lo   | True |          127.0.0.1          |   255.0.0.0   |  host  |         .         |] 
Reached target Cloud-config availability.
[[0;32m  OK  [0m] Reached target System Initialization.
[   10.093086] cloud-init[1104]: ci-info: |   lo   | True |           ::1/128           |       .       |  host  |         .         |
[   10.097023] cloud-init[1104]: ci-info: +--------+------+-----------------------------+---------------+--------+-------------------+
         Starting Docker Socket for the API.
[[0;32m  OK  [0m] Listening on ACPID Listen Socket.
[   10.102741] cloud-init[1104]: ci-info: ++++++++++++++++++++++++++++Route IPv4 info++++++++++++++++++++++++++++
[   10.110544] cloud-init[1104]: ci-info: +-------+--------------+----------+---------------+-----------+-------+
[   10.120187] cloud-init[1104]: ci-info: | Route | Destination  | Gateway  |    Genmask    | Interface | Flags |
[   10.124243] [cloud-init[0;32m  OK  [0m[1104]: ] ci-info: +-------+--------------+----------+---------------+-----------+-------+Started ACPI Events Check.

[[   10.124434] [0;32m  OK  [0mcloud-init] [1104]: Reached target Paths.ci-info: |   0   |   0.0.0.0    | 10.0.2.2 |    0.0.0.0    |   enp0s3  |   UG  |

         Starting Socket activation for snappy daemon.
[   10.127935] cloud-init[1104]: ci-info: |   1   |   10.0.2.0   | 0.0.0.0  | 255.255.255.0 |   enp0s3  |   U   |
[   10.129702] [cloud-init[0;32m  OK  [0m[1104]: ] ci-info: |   2   | 192.168.50.0 | 0.0.0.0  | 255.255.255.0 |   enp0s8  |   U   |Listening on UUID daemon activation socket.

[   10.129896] cloud-init[1104]: ci-info: +-------+--------------+----------+---------------+-----------+-------+
[   10.133375] [cloud-init[0;32m  OK  [0m[1104]: ] ci-info: +++++++++++++++++++Route IPv6 info+++++++++++++++++++Started Daily apt download activities.

[[   10.133593] [0;32m  OK  [0mcloud-init] [1104]: Started Message of the Day.ci-info: +-------+-------------+---------+-----------+-------+

[   10.137274] [cloud-init[0;32m  OK  [0m[1104]: ] ci-info: | Route | Destination | Gateway | Interface | Flags |Started Daily apt upgrade and clean activities.

[   10.137487] cloud-init[1104]: ci-info: +-------+-------------+---------+-----------+-------+
[   10.140735] cloud-init[1104]: ci-info: |   0   |  fe80::/64  |    ::   |   enp0s8  |   U   |
         Starting LXD - unix socket.
[[   10.140918] [0;32m  OK  [0mcloud-init] [1104]: Listening on D-Bus System Message Bus Socket.ci-info: |   1   |  fe80::/64  |    ::   |   enp0s3  |   U   |

[   10.144389] cloud-init[[1104]: [0;32m  OK  [0mci-info: |   4   |   ff00::/8  |    ::   |   enp0s8  |   U   |] 
Started Daily Cleanup of Temporary Directories.
[[   10.144600] [0;32m  OK  [0mcloud-init] [1104]: Reached target Timers.ci-info: |   5   |   ff00::/8  |    ::   |   enp0s3  |   U   |

[   10.152898] cloud-init[1104]: ci-info: +-------+-------------+---------+-----------+-------+
[[0;32m  OK  [0m] Listening on Docker Socket for the API.
[[0;32m  OK  [0m] Listening on Socket activation for snappy daemon.
[[0;32m  OK  [0m] Listening on LXD - unix socket.
[[0;32m  OK  [0m] Started iSCSI initiator daemon (iscsid).
         Starting Login to default iSCSI targets...
[[0;32m  OK  [0m] Reached target Sockets.
[[0;32m  OK  [0m] Reached target Basic System.
         Starting /etc/rc.local Compatibility...
         Starting containerd container runtime...
         Starting LXD - container startup/shutdown...
         Starting Virtualbox guest utils...
[[0;32m  OK  [0m] Started ACPI event daemon.
         Starting LSB: Record successful boot for GRUB...
         Starting Accounts Service...
[[0;32m  OK  [0m] Started FUSE filesystem for LXC.
[[0;32m  OK  [0m] Started Regular background program processing daemon.
         Starting Login Service...
         Starting OpenBSD Secure Shell server...
         Starting LSB: MD monitoring daemon...
         Starting System Logging Service...
[[0;32m  OK  [0m] Started D-Bus System Message Bus.
         Starting Snap Daemon...
[[0;32m  OK  [0m] Started Deferred execution scheduler.
[[0;32m  OK  [0m] Started System Logging Service.
[[0;32m  OK  [0m] Started /etc/rc.local Compatibility.
[[0;32m  OK  [0m] Started LXD - container startup/shutdown.
[[0;32m  OK  [0m] Started OpenBSD Secure Shell server.
[[0;32m  OK  [0m] Started Login Service.
[[0;32m  OK  [0m] Started Login to default iSCSI targets.
[[0;32m  OK  [0m] Started LSB: Record successful boot for GRUB.
[[0;32m  OK  [0m] Reached target Remote File Systems (Pre).
         Mounting /vagrant...
[[0;32m  OK  [0m] Started Unattended Upgrades Shutdown.
         Starting Authenticate and Authorize Users to Run Privileged Tasks...
[[0;32m  OK  [0m] Started LSB: MD monitoring daemon.
[[0;1;31mFAILED[0m] Failed to mount /vagrant.
See 'systemctl status vagrant.mount' for details.
[[0;1;33mDEPEND[0m] Dependency failed for Remote File Systems.
         Starting LSB: automatic crash report generation...
         Starting LSB: daemon to balance interrupts for SMP systems...
         Starting Permit User Sessions...
         Starting LSB: Set the CPU Frequency Scaling governor to "ondemand"...
[[0;32m  OK  [0m] Started Permit User Sessions.
         Starting Hold until boot process finishes up...
         Starting Terminate Plymouth Boot Screen...
[[0;32m  OK  [0m] Started Hold until boot process finishes up.
[[0;32m  OK  [0m] Started Authenticate and Authorize Users to Run Privileged Tasks.
[[0;32m  OK  [0m] Started Terminate Plymouth Boot Screen.
[[0;32m  OK  [0m] Started Accounts Service.
[[0;32m  OK  [0m] Started Virtualbox guest utils.
         Starting Set console scheme...
[[0;32m  OK  [0m] Started Getty on tty1.
[[0;32m  OK  [0m] Started Serial Getty on ttyS0.
[[0;32m  OK  [0m] Reached target Login Prompts.
[[0;32m  OK  [0m] Started LSB: automatic crash report generation.
[[0;32m  OK  [0m] Started LSB: daemon to balance interrupts for SMP systems.
[[0;32m  OK  [0m] Started LSB: Set the CPU Frequency Scaling governor to "ondemand".
[[0;32m  OK  [0m] Started Set console scheme.
[[0;32m  OK  [0m] Started Snap Daemon.
         Starting Wait until snapd is fully seeded...
[[0;32m  OK  [0m] Started Wait until snapd is fully seeded.
         Starting Apply the settings specified in cloud-config...
[[0;32m  OK  [0m] Started containerd container runtime.
         Starting Docker Application Container Engine...
[   11.149739] cloud-init[1376]: Cloud-init v. 21.1-19-gbad84ad4-0ubuntu1~16.04.2 running 'modules:config' at Sat, 10 Jul 2021 17:24:28 +0000. Up 11.05 seconds.
[[0;32m  OK  [0m] Started Apply the settings specified in cloud-config.
[[0;32m  OK  [0m] Started Docker Application Container Engine.
[[0;32m  OK  [0m] Reached target Multi-User System.
[[0;32m  OK  [0m] Reached target Graphical Interface.
         Starting Update UTMP about System Runlevel Changes...
         Starting Execute cloud user/final scripts...
[[0;32m  OK  [0m] Started Update UTMP about System Runlevel Changes.
[[0;32m  OK  [0m] Created slice User Slice of vagrant.
         Starting User Manager for UID 1000...
[[0;32m  OK  [0m] Started Session 1 of user vagrant.
[[0;32m  OK  [0m] Started User Manager for UID 1000.
[   11.864145] cloud-init[1584]: Cloud-init v. 21.1-19-gbad84ad4-0ubuntu1~16.04.2 running 'modules:final' at Sat, 10 Jul 2021 17:24:29 +0000. Up 11.77 seconds.
[   11.866630] cloud-init[1584]: Cloud-init v. 21.1-19-gbad84ad4-0ubuntu1~16.04.2 finished at Sat, 10 Jul 2021 17:24:29 +0000. Datasource DataSourceNoCloud [seed=/dev/sdb][dsmode=net].  Up 11.85 seconds
[[0;32m  OK  [0m] Started Execute cloud user/final scripts.
[[0;32m  OK  [0m] Reached target Cloud-init target.

Ubuntu 16.04.7 LTS globis ttyS0

globis login: 